=== GUI Real-time Logs Session ===
Session ID: session_v4.5.09_a6fe1706_20250912_220454
Version: v4.5.09
Hash: a6fe1706
Start Time: 2025-09-12 22:04:54
========================================

[2025-09-12T22:04:54.902663] [INFO] 🔄 Версия обновлена: v4.5.09
[2025-09-12T22:04:54.903201] [INFO] ✅ Новый хеш (гибридный): a6fe1706
[2025-09-12T22:04:54.904533] [INFO] ✅ Логи перемещены из временной папки
[2025-09-12T22:04:54.905059] [INFO] 📁 Логи GUI: /home/papaandrey/plitka-pro-project/replicate_runs/a6fe1706/gui_logs
[2025-09-12T22:04:57.597429] [INFO] 📋 Выбран пресет: v4.5.09_Test_02_Duo_Colors_Docs_Sync ✅
[2025-09-12T22:05:00.558306] [INFO] 🔄 on_start() вызван
[2025-09-12T22:05:00.558728] [INFO] [GUI] Starting tests...
[2025-09-12T22:05:00.558947] [INFO] 🚀 Запуск с версией: v4.5.09
[2025-09-12T22:05:00.559178] [INFO] 🔐 Хеш папки: a6fe1706
[2025-09-12T22:05:00.559393] [INFO] 📁 Ожидаемая папка: replicate_runs/a6fe1706/
[2025-09-12T22:05:00.559615] [INFO] 🔍 Текущий рабочий каталог: /home/papaandrey/plitka-pro-project
[2025-09-12T22:05:00.559838] [INFO] 📁 Полный путь: /home/papaandrey/plitka-pro-project/replicate_runs/a6fe1706
[2025-09-12T22:05:00.560173] [INFO] 📁 Абсолютный путь: /home/papaandrey/plitka-pro-project/replicate_runs/a6fe1706
[2025-09-12T22:05:00.560400] [INFO] --------------------------------------------------
[2025-09-12T22:05:00.813802] [INFO] 🔄 run_presets() вызван
[2025-09-12T22:05:00.814244] [INFO] ################ PRESET: v4.5.09_Test_02_Duo_Colors_Docs_Sync ################
[2025-09-12T22:05:00.814489] [INFO] 🔄 _run_single() вызван
[2025-09-12T22:05:00.814879] [INFO] === Creating prediction: nauslava/plitka-pro-project (version: v4.5.09)
Inputs: {"prompt": "ohwx_rubber_tile <s0><s1> 60% red, 40% blue rubber tile", "negative_prompt": "blurry, low quality, distorted", "seed": 54321, "num_inference_steps": 25, "guidance_scale": 7.5, "colormap": "grid", "granule_size": "medium", "use_controlnet": false, "description": "Тест дуо-цветов для проверки синхронизации документации"}
[2025-09-12T22:05:00.815167] [INFO] 🔄 Worker.start() вызван, поток запущен
[2025-09-12T22:05:01.116321] [INFO] 🔄 Получение модели: nauslava/plitka-pro-project
[2025-09-12T22:05:01.420082] [INFO] ✅ Модель получена
[2025-09-12T22:05:01.420979] [INFO] 🔄 Получение версии модели...
[2025-09-12T22:05:01.722122] [INFO] ✅ Версия получена: bec53bf13782135b5fa392a761885dedd0a3ce7d3839a73e3c84e11aae8004f3
[2025-09-12T22:05:01.722961] [INFO] 🔄 Создание предсказания...
[2025-09-12T22:05:02.023911] [INFO] ✅ Предсказание создано: wqxxpmrh9drge0cs7x8tbhr9x8
[2025-09-12T22:05:02.024477] [INFO] Prediction id: wqxxpmrh9drge0cs7x8tbhr9x8
[2025-09-12T22:05:02.024963] [INFO] 🔍 Начинаем создание папки для результатов...
[2025-09-12T22:05:02.025510] [INFO] 🔍 Текущий рабочий каталог: /home/papaandrey/plitka-pro-project
[2025-09-12T22:05:02.026020] [INFO] 🔍 Используем версию и хеш из App:
[2025-09-12T22:05:02.026467] [INFO] 🔍 version_id: v4.5.09
[2025-09-12T22:05:02.026910] [INFO] 🔍 pred.version: bec53bf13782135b5fa392a761885dedd0a3ce7d3839a73e3c84e11aae8004f3
[2025-09-12T22:05:02.027332] [INFO] 🔍 ver_for_hash: v4.5.09
[2025-09-12T22:05:02.027801] [INFO] 🔐 Хеш из App: a6fe1706
[2025-09-12T22:05:02.028253] [INFO] 🔄 Папка создана: /home/papaandrey/plitka-pro-project/replicate_runs/a6fe1706/run_20250912_220501
[2025-09-12T22:05:02.028745] [INFO] 🔄 _current_run_dir установлен: /home/papaandrey/plitka-pro-project/replicate_runs/a6fe1706/run_20250912_220501
[2025-09-12T22:05:02.029200] [INFO] 🔐 Создаем папку с хешем: a6fe1706
[2025-09-12T22:05:02.029671] [INFO] 📁 Создана папка: /home/papaandrey/plitka-pro-project/replicate_runs/a6fe1706/run_20250912_220501
[2025-09-12T22:05:02.030104] [INFO] 🔐 Хеш версии: a6fe1706
[2025-09-12T22:05:02.030657] [INFO] 🔍 Базовая папка: /home/papaandrey/plitka-pro-project/replicate_runs/a6fe1706
[2025-09-12T22:05:02.031114] [INFO] 🔍 Полный путь: /home/papaandrey/plitka-pro-project/replicate_runs/a6fe1706/run_20250912_220501
[2025-09-12T22:05:02.031605] [INFO] ✅ Папка успешно создана и существует
[2025-09-12T22:06:23.133355] [INFO] === Final status: canceled
[2025-09-12T22:06:23.133896] [INFO] 🔄 _save_outputs вызван
[2025-09-12T22:06:23.134635] [INFO] 💾 Сохраняем результаты в папку: /home/papaandrey/plitka-pro-project/replicate_runs/a6fe1706/run_20250912_220501
[2025-09-12T22:06:23.135506] [INFO] 🔐 ПРИНУДИТЕЛЬНО используем хеш: 89fdd926
[2025-09-12T22:06:23.136088] [INFO] ✅ Используем подготовленную папку: /home/papaandrey/plitka-pro-project/replicate_runs/a6fe1706/run_20250912_220501
[2025-09-12T22:06:23.136597] [INFO] [GUI] Done.
[2025-09-12T22:06:26.381215] [INFO] [GUI] No active run to stop.
