=== GUI Real-time Logs Session ===
Session ID: session_v4.5.09_a6fe1706_20250912_221404
Version: v4.5.09
Hash: a6fe1706
Start Time: 2025-09-12 22:14:04
========================================

[2025-09-12T22:14:04.291952] [INFO] 🔄 Версия обновлена: v4.5.09
[2025-09-12T22:14:04.292495] [INFO] ✅ Новый хеш (гибридный): a6fe1706
[2025-09-12T22:14:04.293859] [INFO] ✅ Логи перемещены из временной папки
[2025-09-12T22:14:04.294269] [INFO] 📁 Логи GUI: /home/papaandrey/plitka-pro-project/replicate_runs/a6fe1706/gui_logs
[2025-09-12T22:14:06.955034] [INFO] 📋 Выбран пресет: v4.5.09_Test_02_Duo_Colors_Docs_Sync ✅
[2025-09-12T22:14:11.116426] [INFO] 🔄 on_start() вызван
[2025-09-12T22:14:11.116794] [INFO] [GUI] Starting tests...
[2025-09-12T22:14:11.117064] [INFO] 🚀 Запуск с версией: v4.5.09
[2025-09-12T22:14:11.117291] [INFO] 🔐 Хеш папки: a6fe1706
[2025-09-12T22:14:11.117523] [INFO] 📁 Ожидаемая папка: replicate_runs/a6fe1706/
[2025-09-12T22:14:11.117747] [INFO] 🔍 Текущий рабочий каталог: /home/papaandrey/plitka-pro-project
[2025-09-12T22:14:11.117969] [INFO] 📁 Полный путь: /home/papaandrey/plitka-pro-project/replicate_runs/a6fe1706
[2025-09-12T22:14:11.118213] [INFO] 📁 Абсолютный путь: /home/papaandrey/plitka-pro-project/replicate_runs/a6fe1706
[2025-09-12T22:14:11.118452] [INFO] --------------------------------------------------
[2025-09-12T22:14:11.412987] [INFO] 🔄 run_presets() вызван
[2025-09-12T22:14:11.413354] [INFO] ################ PRESET: v4.5.09_Test_02_Duo_Colors_Docs_Sync ################
[2025-09-12T22:14:11.413649] [INFO] 🔄 _run_single() вызван
[2025-09-12T22:14:11.414046] [INFO] === Creating prediction: nauslava/plitka-pro-project (version: v4.5.09)
Inputs: {"prompt": "ohwx_rubber_tile <s0><s1> 60% red, 40% blue rubber tile", "negative_prompt": "blurry, low quality, distorted", "seed": 54321, "num_inference_steps": 25, "guidance_scale": 7.5, "colormap": "grid", "granule_size": "medium", "use_controlnet": false, "description": "Тест дуо-цветов для проверки синхронизации документации"}
[2025-09-12T22:14:11.414360] [INFO] 🔄 Worker.start() вызван, поток запущен
[2025-09-12T22:14:11.717704] [INFO] 🔄 Получение модели: nauslava/plitka-pro-project
[2025-09-12T22:14:12.019770] [INFO] ✅ Модель получена
[2025-09-12T22:14:12.020317] [INFO] 🔄 Получение версии модели...
[2025-09-12T22:14:12.324286] [INFO] ✅ Версия получена: bec53bf13782135b5fa392a761885dedd0a3ce7d3839a73e3c84e11aae8004f3
[2025-09-12T22:14:12.325073] [INFO] 🔄 Создание предсказания...
[2025-09-12T22:14:12.627345] [INFO] ✅ Предсказание создано: mz015p3re5rg80cs7xcvf2a6ym
[2025-09-12T22:14:12.628123] [ERROR] ⚠️ Ошибка запуска логирования модели: 'ReplicateWorker' object has no attribute '_get_current_hash'
[2025-09-12T22:14:12.628599] [INFO] Prediction id: mz015p3re5rg80cs7xcvf2a6ym
[2025-09-12T22:14:12.629077] [INFO] 🔍 Начинаем создание папки для результатов...
[2025-09-12T22:14:12.629553] [INFO] 🔍 Текущий рабочий каталог: /home/papaandrey/plitka-pro-project
[2025-09-12T22:14:12.629984] [INFO] 🔍 Используем версию и хеш из App:
[2025-09-12T22:14:12.630409] [INFO] 🔍 version_id: v4.5.09
[2025-09-12T22:14:12.631029] [INFO] 🔍 pred.version: bec53bf13782135b5fa392a761885dedd0a3ce7d3839a73e3c84e11aae8004f3
[2025-09-12T22:14:12.631865] [INFO] 🔍 ver_for_hash: v4.5.09
[2025-09-12T22:14:12.632413] [INFO] 🔐 Хеш из App: a6fe1706
[2025-09-12T22:14:12.632917] [INFO] 🔄 Папка создана: /home/papaandrey/plitka-pro-project/replicate_runs/a6fe1706/run_20250912_221412
[2025-09-12T22:14:12.633404] [INFO] 🔄 _current_run_dir установлен: /home/papaandrey/plitka-pro-project/replicate_runs/a6fe1706/run_20250912_221412
[2025-09-12T22:14:12.633942] [INFO] 🔐 Создаем папку с хешем: a6fe1706
[2025-09-12T22:14:12.634407] [INFO] 📁 Создана папка: /home/papaandrey/plitka-pro-project/replicate_runs/a6fe1706/run_20250912_221412
[2025-09-12T22:14:12.634852] [INFO] 🔐 Хеш версии: a6fe1706
[2025-09-12T22:14:12.635436] [INFO] 🔍 Базовая папка: /home/papaandrey/plitka-pro-project/replicate_runs/a6fe1706
[2025-09-12T22:14:12.635898] [INFO] 🔍 Полный путь: /home/papaandrey/plitka-pro-project/replicate_runs/a6fe1706/run_20250912_221412
[2025-09-12T22:14:12.636364] [INFO] ✅ Папка успешно создана и существует
[2025-09-12T22:14:24.930123] [INFO] [GUI] Stop requested.
[2025-09-12T22:14:24.930905] [INFO] [GUI] Cancelling current prediction...
[2025-09-12T22:14:25.533462] [INFO] [GUI] Done.
