=== GUI Real-time Logs Session ===
Session ID: session_v4.5.09_a6fe1706_20250912_215610
Version: v4.5.09
Hash: a6fe1706
Start Time: 2025-09-12 21:56:10
========================================

[2025-09-12T21:56:10.654331] [INFO] 🔄 Версия обновлена: v4.5.09
[2025-09-12T21:56:10.655055] [INFO] ✅ Новый хеш (гибридный): a6fe1706
[2025-09-12T21:56:10.656549] [INFO] ✅ Логи перемещены из временной папки
[2025-09-12T21:56:10.656992] [INFO] 📁 Логи GUI: /home/papaandrey/plitka-pro-project/replicate_runs/a6fe1706/gui_logs
[2025-09-12T21:56:12.791044] [INFO] 📋 Выбран пресет: v4.5.09_Test_01_Mono_Red_Stability ✅
[2025-09-12T21:56:14.386219] [INFO] 🔄 on_start() вызван
[2025-09-12T21:56:14.386782] [INFO] [GUI] Starting tests...
[2025-09-12T21:56:14.387181] [INFO] 🚀 Запуск с версией: v4.5.09
[2025-09-12T21:56:14.387449] [INFO] 🔐 Хеш папки: a6fe1706
[2025-09-12T21:56:14.387754] [INFO] 📁 Ожидаемая папка: replicate_runs/a6fe1706/
[2025-09-12T21:56:14.387997] [INFO] 🔍 Текущий рабочий каталог: /home/papaandrey/plitka-pro-project
[2025-09-12T21:56:14.388284] [INFO] 📁 Полный путь: /home/papaandrey/plitka-pro-project/replicate_runs/a6fe1706
[2025-09-12T21:56:14.388678] [INFO] 📁 Абсолютный путь: /home/papaandrey/plitka-pro-project/replicate_runs/a6fe1706
[2025-09-12T21:56:14.389015] [INFO] --------------------------------------------------
[2025-09-12T21:56:14.437094] [INFO] 🔄 run_presets() вызван
[2025-09-12T21:56:14.439313] [INFO] ################ PRESET: v4.5.09_Test_01_Mono_Red_Stability ################
[2025-09-12T21:56:14.441045] [INFO] 🔄 _run_single() вызван
[2025-09-12T21:56:14.441563] [INFO] === Creating prediction: nauslava/plitka-pro-project (version: v4.5.09)
Inputs: {"prompt": "ohwx_rubber_tile <s0><s1> 100% red rubber tile", "negative_prompt": "blurry, low quality, distorted", "seed": 12345, "num_inference_steps": 25, "guidance_scale": 7.5, "colormap": "random", "granule_size": "medium", "use_controlnet": false, "description": "Тест моно-цвета (красный) для проверки стабильности после рефакторинга"}
[2025-09-12T21:56:14.442584] [INFO] 🔄 Worker.start() вызван, поток запущен
[2025-09-12T21:56:15.349445] [INFO] 🔄 Получение модели: nauslava/plitka-pro-project
[2025-09-12T21:56:15.350034] [INFO] ✅ Модель получена
[2025-09-12T21:56:15.350582] [INFO] 🔄 Получение версии модели...
[2025-09-12T21:56:15.952932] [INFO] ✅ Версия получена: bec53bf13782135b5fa392a761885dedd0a3ce7d3839a73e3c84e11aae8004f3
[2025-09-12T21:56:15.953837] [INFO] 🔄 Создание предсказания...
[2025-09-12T21:56:16.855889] [INFO] ✅ Предсказание создано: nd289nrcwnrge0cs7x4s9qza4g
[2025-09-12T21:56:16.856795] [INFO] Prediction id: nd289nrcwnrge0cs7x4s9qza4g
[2025-09-12T21:56:16.857586] [INFO] 🔍 Начинаем создание папки для результатов...
[2025-09-12T21:56:16.858132] [INFO] 🔍 Текущий рабочий каталог: /home/papaandrey/plitka-pro-project
[2025-09-12T21:56:16.858637] [INFO] 🔍 Используем версию и хеш из App:
[2025-09-12T21:56:16.859116] [INFO] 🔍 version_id: v4.5.09
[2025-09-12T21:56:16.859564] [INFO] 🔍 pred.version: bec53bf13782135b5fa392a761885dedd0a3ce7d3839a73e3c84e11aae8004f3
[2025-09-12T21:56:16.860006] [INFO] 🔍 ver_for_hash: v4.5.09
[2025-09-12T21:56:16.860461] [INFO] 🔐 Хеш из App: a6fe1706
[2025-09-12T21:56:16.860880] [INFO] 🔄 Папка создана: /home/papaandrey/plitka-pro-project/replicate_runs/a6fe1706/run_20250912_215616
[2025-09-12T21:56:16.861307] [INFO] 🔄 _current_run_dir установлен: /home/papaandrey/plitka-pro-project/replicate_runs/a6fe1706/run_20250912_215616
[2025-09-12T21:56:16.861744] [INFO] 🔐 Создаем папку с хешем: a6fe1706
[2025-09-12T21:56:16.862217] [INFO] 📁 Создана папка: /home/papaandrey/plitka-pro-project/replicate_runs/a6fe1706/run_20250912_215616
[2025-09-12T21:56:16.862694] [INFO] 🔐 Хеш версии: a6fe1706
[2025-09-12T21:56:16.863328] [INFO] 🔍 Базовая папка: /home/papaandrey/plitka-pro-project/replicate_runs/a6fe1706
[2025-09-12T21:56:16.863790] [INFO] 🔍 Полный путь: /home/papaandrey/plitka-pro-project/replicate_runs/a6fe1706/run_20250912_215616
[2025-09-12T21:56:16.864243] [INFO] ✅ Папка успешно создана и существует
[2025-09-12T21:59:23.818130] [INFO] [GUI] Stop requested.
[2025-09-12T21:59:23.818957] [INFO] [GUI] Cancelling current prediction...
[2025-09-12T21:59:25.026332] [INFO] [GUI] Done.
